TN:
SF:app.js
FN:72,(anonymous_0)
FNF:1
FNH:1
FNDA:4,(anonymous_0)
DA:1,4
DA:4,4
DA:51,4
DA:52,4
DA:53,4
DA:54,4
DA:55,4
DA:56,4
DA:58,4
DA:60,4
DA:61,4
DA:64,4
DA:65,4
DA:66,4
DA:67,4
DA:69,4
DA:71,4
DA:72,4
DA:73,4
LF:19
LH:19
BRDA:71,0,0,4
BRDA:71,0,1,4
BRF:2
BRH:2
end_of_record
TN:
SF:db.js
FNF:0
FNH:0
DA:1,4
DA:3,4
DA:4,4
DA:8,4
LF:4
LH:4
BRDA:4,0,0,4
BRDA:4,0,1,0
BRF:2
BRH:1
end_of_record
TN:
SF:controllers/authController.js
FN:6,(anonymous_0)
FN:28,(anonymous_1)
FN:41,(anonymous_2)
FN:59,(anonymous_3)
FNF:4
FNH:3
FNDA:27,(anonymous_0)
FNDA:26,(anonymous_1)
FNDA:2,(anonymous_2)
FNDA:0,(anonymous_3)
DA:1,4
DA:2,4
DA:3,4
DA:6,4
DA:7,27
DA:8,27
DA:9,1
DA:12,26
DA:14,26
DA:15,26
DA:16,26
DA:17,8
DA:19,18
DA:20,18
DA:22,0
DA:28,4
DA:29,26
DA:30,26
DA:32,26
DA:33,2
DA:36,24
DA:37,24
DA:41,4
DA:42,2
DA:43,2
DA:45,2
DA:46,2
DA:47,1
DA:50,1
DA:53,1
DA:55,1
DA:59,4
DA:60,0
LF:33
LH:31
BRDA:8,0,0,1
BRDA:8,0,1,26
BRDA:8,1,0,27
BRDA:8,1,1,27
BRDA:8,1,2,26
BRDA:19,2,0,18
BRDA:19,2,1,0
BRDA:32,3,0,2
BRDA:32,3,1,24
BRDA:32,4,0,26
BRDA:32,4,1,26
BRDA:36,5,0,24
BRDA:36,5,1,0
BRDA:46,6,0,1
BRDA:46,6,1,1
BRDA:51,7,0,1
BRDA:51,7,1,1
BRDA:51,8,0,1
BRDA:51,8,1,0
BRDA:51,9,0,1
BRDA:51,9,1,0
BRF:21
BRH:17
end_of_record
TN:
SF:controllers/engagementController.js
FN:4,(anonymous_0)
FN:20,(anonymous_1)
FN:33,(anonymous_2)
FN:49,(anonymous_3)
FNF:4
FNH:4
FNDA:3,(anonymous_0)
FNDA:2,(anonymous_1)
FNDA:3,(anonymous_2)
FNDA:2,(anonymous_3)
DA:1,4
DA:4,4
DA:5,3
DA:6,3
DA:8,3
DA:9,3
DA:11,3
DA:12,3
DA:13,2
DA:15,1
DA:20,4
DA:21,2
DA:22,2
DA:24,2
DA:25,2
DA:26,1
DA:29,1
DA:33,4
DA:34,3
DA:35,3
DA:37,3
DA:38,3
DA:40,3
DA:41,3
DA:42,2
DA:44,1
DA:49,4
DA:50,2
DA:51,2
DA:53,2
DA:54,2
DA:55,1
DA:58,1
LF:33
LH:33
BRDA:9,0,0,0
BRDA:9,0,1,3
BRDA:25,1,0,1
BRDA:25,1,1,1
BRDA:38,2,0,0
BRDA:38,2,1,3
BRDA:54,3,0,1
BRDA:54,3,1,1
BRF:8
BRH:6
end_of_record
TN:
SF:controllers/postController.js
FN:8,(anonymous_0)
FN:24,(anonymous_1)
FN:37,(anonymous_2)
FN:46,(anonymous_3)
FNF:4
FNH:4
FNDA:4,(anonymous_0)
FNDA:2,(anonymous_1)
FNDA:2,(anonymous_2)
FNDA:1,(anonymous_3)
DA:1,4
DA:2,4
DA:4,4
DA:5,4
DA:8,4
DA:9,4
DA:10,4
DA:12,4
DA:13,1
DA:16,3
DA:17,3
DA:19,3
DA:20,3
DA:24,4
DA:25,2
DA:26,2
DA:28,2
DA:29,2
DA:30,2
DA:32,1
DA:33,1
DA:37,4
DA:38,2
DA:39,2
DA:41,2
DA:42,2
DA:46,4
DA:47,1
DA:48,1
LF:29
LH:29
BRDA:12,0,0,1
BRDA:12,0,1,3
BRDA:12,1,0,4
BRDA:12,1,1,4
BRDA:29,2,0,0
BRDA:29,2,1,2
BRDA:30,3,0,1
BRDA:30,3,1,1
BRDA:38,4,0,2
BRDA:38,4,1,2
BRF:10
BRH:9
end_of_record
TN:
SF:controllers/socialController.js
FN:5,(anonymous_0)
FN:24,(anonymous_1)
FN:37,(anonymous_2)
FN:63,(anonymous_3)
FNF:4
FNH:4
FNDA:3,(anonymous_0)
FNDA:2,(anonymous_1)
FNDA:3,(anonymous_2)
FNDA:2,(anonymous_3)
DA:1,4
DA:5,4
DA:6,3
DA:7,3
DA:9,3
DA:11,2
DA:12,2
DA:13,2
DA:15,0
DA:16,0
DA:18,0
DA:24,4
DA:25,2
DA:26,2
DA:28,2
DA:29,2
DA:30,1
DA:33,1
DA:37,4
DA:38,3
DA:39,3
DA:41,3
DA:44,2
DA:47,2
DA:49,2
DA:50,1
DA:54,1
DA:55,1
DA:56,1
DA:58,0
DA:63,4
DA:64,2
DA:65,2
DA:67,2
DA:68,2
DA:69,1
DA:72,1
LF:37
LH:33
BRDA:9,0,0,1
BRDA:9,0,1,2
BRDA:15,1,0,0
BRDA:15,1,1,0
BRDA:29,2,0,1
BRDA:29,2,1,1
BRDA:41,3,0,1
BRDA:41,3,1,2
BRDA:49,4,0,1
BRDA:49,4,1,1
BRDA:68,5,0,1
BRDA:68,5,1,1
BRF:12
BRH:10
end_of_record
TN:
SF:middleware/authMiddleware.js
FN:3,authMiddleware
FNF:1
FNH:1
FNDA:32,authMiddleware
DA:1,4
DA:4,32
DA:5,32
DA:7,32
DA:9,31
DA:10,31
DA:11,31
DA:12,31
DA:13,31
DA:15,0
DA:19,4
LF:11
LH:10
BRDA:5,0,0,32
BRDA:5,0,1,31
BRDA:7,1,0,1
BRDA:7,1,1,31
BRDA:10,2,0,31
BRDA:10,2,1,0
BRF:6
BRH:5
end_of_record
TN:
SF:routes/authRoutes.js
FNF:0
FNH:0
DA:1,4
DA:2,4
DA:8,4
DA:10,4
DA:12,4
DA:13,4
DA:14,4
DA:15,4
DA:17,4
LF:9
LH:9
BRF:0
BRH:0
end_of_record
TN:
SF:routes/engagementRoutes.js
FNF:0
FNH:0
DA:1,4
DA:2,4
DA:3,4
DA:4,4
DA:7,4
DA:10,4
DA:13,4
DA:16,4
DA:18,4
LF:9
LH:9
BRF:0
BRH:0
end_of_record
TN:
SF:routes/postRoutes.js
FNF:0
FNH:0
DA:1,4
DA:2,4
DA:3,4
DA:4,4
DA:6,4
DA:7,4
DA:8,4
DA:9,4
DA:11,4
LF:9
LH:9
BRF:0
BRH:0
end_of_record
TN:
SF:routes/socialRoutes.js
FNF:0
FNH:0
DA:1,4
DA:2,4
DA:3,4
DA:4,4
DA:7,4
DA:10,4
DA:13,4
DA:16,4
DA:18,4
LF:9
LH:9
BRF:0
BRH:0
end_of_record
